  [1m[36m (19.7ms)[0m  [1mCREATE TABLE "schema_migrations" ("version" character varying NOT NULL) [0m
  [1m[35m (1.6ms)[0m  CREATE UNIQUE INDEX  "unique_schema_migrations" ON "schema_migrations"  ("version")
  [1m[36mActiveRecord::SchemaMigration Load (0.3ms)[0m  [1mSELECT "schema_migrations".* FROM "schema_migrations"[0m
Migrating to CreatePosts (20150716145441)
  [1m[35m (0.1ms)[0m  BEGIN
  [1m[36m (4.9ms)[0m  [1mCREATE TABLE "posts" ("id" serial primary key, "title" character varying NOT NULL, "body" character varying NOT NULL, "url" character varying, "user_id" integer NOT NULL, "vote_count" integer DEFAULT 0, "created_at" timestamp NOT NULL, "updated_at" timestamp NOT NULL) [0m
  [1m[35mSQL (0.3ms)[0m  INSERT INTO "schema_migrations" ("version") VALUES ($1)  [["version", "20150716145441"]]
  [1m[36m (16.1ms)[0m  [1mCOMMIT[0m
Migrating to CreateUsers (20150716145455)
  [1m[35m (13.5ms)[0m  BEGIN
  [1m[36m (30.9ms)[0m  [1mCREATE TABLE "users" ("id" serial primary key, "username" character varying NOT NULL, "password_digest" character varying NOT NULL, "first_name" character varying NOT NULL, "last_name" character varying NOT NULL, "created_at" timestamp NOT NULL, "updated_at" timestamp NOT NULL) [0m
  [1m[35mSQL (0.3ms)[0m  INSERT INTO "schema_migrations" ("version") VALUES ($1)  [["version", "20150716145455"]]
  [1m[36m (0.7ms)[0m  [1mCOMMIT[0m
Migrating to CreateComments (20150716145501)
  [1m[35m (0.3ms)[0m  BEGIN
  [1m[36m (0.2ms)[0m  [1mROLLBACK[0m
  [1m[36mActiveRecord::SchemaMigration Load (1.0ms)[0m  [1mSELECT "schema_migrations".* FROM "schema_migrations"[0m
Migrating to CreateComments (20150716145501)
  [1m[35m (0.2ms)[0m  BEGIN
  [1m[36m (3.7ms)[0m  [1mCREATE TABLE "comments" ("id" serial primary key, "body" character varying NOT NULL, "user_id" integer NOT NULL, "post_id" integer NOT NULL, "vote_count" integer DEFAULT 0, "created_at" timestamp NOT NULL, "updated_at" timestamp NOT NULL) [0m
  [1m[35mSQL (0.3ms)[0m  INSERT INTO "schema_migrations" ("version") VALUES ($1)  [["version", "20150716145501"]]
  [1m[36m (0.5ms)[0m  [1mCOMMIT[0m
  [1m[35mActiveRecord::SchemaMigration Load (0.2ms)[0m  SELECT "schema_migrations".* FROM "schema_migrations"
  [1m[36m (2.6ms)[0m  [1mSELECT t2.oid::regclass::text AS to_table, a1.attname AS column, a2.attname AS primary_key, c.conname AS name, c.confupdtype AS on_update, c.confdeltype AS on_delete
FROM pg_constraint c
JOIN pg_class t1 ON c.conrelid = t1.oid
JOIN pg_class t2 ON c.confrelid = t2.oid
JOIN pg_attribute a1 ON a1.attnum = c.conkey[1] AND a1.attrelid = t1.oid
JOIN pg_attribute a2 ON a2.attnum = c.confkey[1] AND a2.attrelid = t2.oid
JOIN pg_namespace t3 ON c.connamespace = t3.oid
WHERE c.contype = 'f'
  AND t1.relname = 'comments'
  AND t3.nspname = ANY (current_schemas(false))
ORDER BY c.conname
[0m
  [1m[35m (1.9ms)[0m  SELECT t2.oid::regclass::text AS to_table, a1.attname AS column, a2.attname AS primary_key, c.conname AS name, c.confupdtype AS on_update, c.confdeltype AS on_delete
FROM pg_constraint c
JOIN pg_class t1 ON c.conrelid = t1.oid
JOIN pg_class t2 ON c.confrelid = t2.oid
JOIN pg_attribute a1 ON a1.attnum = c.conkey[1] AND a1.attrelid = t1.oid
JOIN pg_attribute a2 ON a2.attnum = c.confkey[1] AND a2.attrelid = t2.oid
JOIN pg_namespace t3 ON c.connamespace = t3.oid
WHERE c.contype = 'f'
  AND t1.relname = 'posts'
  AND t3.nspname = ANY (current_schemas(false))
ORDER BY c.conname

  [1m[36m (2.0ms)[0m  [1mSELECT t2.oid::regclass::text AS to_table, a1.attname AS column, a2.attname AS primary_key, c.conname AS name, c.confupdtype AS on_update, c.confdeltype AS on_delete
FROM pg_constraint c
JOIN pg_class t1 ON c.conrelid = t1.oid
JOIN pg_class t2 ON c.confrelid = t2.oid
JOIN pg_attribute a1 ON a1.attnum = c.conkey[1] AND a1.attrelid = t1.oid
JOIN pg_attribute a2 ON a2.attnum = c.confkey[1] AND a2.attrelid = t2.oid
JOIN pg_namespace t3 ON c.connamespace = t3.oid
WHERE c.contype = 'f'
  AND t1.relname = 'users'
  AND t3.nspname = ANY (current_schemas(false))
ORDER BY c.conname
[0m
  [1m[36mActiveRecord::SchemaMigration Load (0.3ms)[0m  [1mSELECT "schema_migrations".* FROM "schema_migrations"[0m
  [1m[36mActiveRecord::SchemaMigration Load (0.3ms)[0m  [1mSELECT "schema_migrations".* FROM "schema_migrations"[0m
  [1m[36mActiveRecord::SchemaMigration Load (0.3ms)[0m  [1mSELECT "schema_migrations".* FROM "schema_migrations"[0m
  [1m[36mActiveRecord::SchemaMigration Load (0.3ms)[0m  [1mSELECT "schema_migrations".* FROM "schema_migrations"[0m
  [1m[36m (3.4ms)[0m  [1mCREATE TABLE "schema_migrations" ("version" character varying NOT NULL) [0m
  [1m[35m (1.4ms)[0m  CREATE UNIQUE INDEX  "unique_schema_migrations" ON "schema_migrations"  ("version")
  [1m[36mActiveRecord::SchemaMigration Load (0.3ms)[0m  [1mSELECT "schema_migrations".* FROM "schema_migrations"[0m
Migrating to CreatePosts (20150716145441)
  [1m[35m (0.1ms)[0m  BEGIN
  [1m[36m (3.2ms)[0m  [1mCREATE TABLE "posts" ("id" serial primary key, "title" character varying NOT NULL, "body" character varying NOT NULL, "url" character varying, "user_id" integer NOT NULL, "vote_count" integer DEFAULT 0, "created_at" timestamp NOT NULL, "updated_at" timestamp NOT NULL) [0m
  [1m[35mSQL (0.3ms)[0m  INSERT INTO "schema_migrations" ("version") VALUES ($1)  [["version", "20150716145441"]]
  [1m[36m (0.7ms)[0m  [1mCOMMIT[0m
Migrating to CreateUsers (20150716145455)
  [1m[35m (0.4ms)[0m  BEGIN
  [1m[36m (3.1ms)[0m  [1mCREATE TABLE "users" ("id" serial primary key, "username" character varying NOT NULL, "password_digest" character varying NOT NULL, "first_name" character varying NOT NULL, "last_name" character varying NOT NULL, "created_at" timestamp NOT NULL, "updated_at" timestamp NOT NULL) [0m
  [1m[35mSQL (0.2ms)[0m  INSERT INTO "schema_migrations" ("version") VALUES ($1)  [["version", "20150716145455"]]
  [1m[36m (0.6ms)[0m  [1mCOMMIT[0m
Migrating to CreateComments (20150716145501)
  [1m[35m (0.2ms)[0m  BEGIN
  [1m[36m (3.2ms)[0m  [1mCREATE TABLE "comments" ("id" serial primary key, "body" character varying NOT NULL, "user_id" integer NOT NULL, "post_id" integer NOT NULL, "vote_count" integer DEFAULT 0, "created_at" timestamp NOT NULL, "updated_at" timestamp NOT NULL) [0m
  [1m[35mSQL (0.2ms)[0m  INSERT INTO "schema_migrations" ("version") VALUES ($1)  [["version", "20150716145501"]]
  [1m[36m (0.5ms)[0m  [1mCOMMIT[0m
  [1m[35mActiveRecord::SchemaMigration Load (0.2ms)[0m  SELECT "schema_migrations".* FROM "schema_migrations"
  [1m[36m (2.2ms)[0m  [1mSELECT t2.oid::regclass::text AS to_table, a1.attname AS column, a2.attname AS primary_key, c.conname AS name, c.confupdtype AS on_update, c.confdeltype AS on_delete
FROM pg_constraint c
JOIN pg_class t1 ON c.conrelid = t1.oid
JOIN pg_class t2 ON c.confrelid = t2.oid
JOIN pg_attribute a1 ON a1.attnum = c.conkey[1] AND a1.attrelid = t1.oid
JOIN pg_attribute a2 ON a2.attnum = c.confkey[1] AND a2.attrelid = t2.oid
JOIN pg_namespace t3 ON c.connamespace = t3.oid
WHERE c.contype = 'f'
  AND t1.relname = 'comments'
  AND t3.nspname = ANY (current_schemas(false))
ORDER BY c.conname
[0m
  [1m[35m (1.6ms)[0m  SELECT t2.oid::regclass::text AS to_table, a1.attname AS column, a2.attname AS primary_key, c.conname AS name, c.confupdtype AS on_update, c.confdeltype AS on_delete
FROM pg_constraint c
JOIN pg_class t1 ON c.conrelid = t1.oid
JOIN pg_class t2 ON c.confrelid = t2.oid
JOIN pg_attribute a1 ON a1.attnum = c.conkey[1] AND a1.attrelid = t1.oid
JOIN pg_attribute a2 ON a2.attnum = c.confkey[1] AND a2.attrelid = t2.oid
JOIN pg_namespace t3 ON c.connamespace = t3.oid
WHERE c.contype = 'f'
  AND t1.relname = 'posts'
  AND t3.nspname = ANY (current_schemas(false))
ORDER BY c.conname

  [1m[36m (1.6ms)[0m  [1mSELECT t2.oid::regclass::text AS to_table, a1.attname AS column, a2.attname AS primary_key, c.conname AS name, c.confupdtype AS on_update, c.confdeltype AS on_delete
FROM pg_constraint c
JOIN pg_class t1 ON c.conrelid = t1.oid
JOIN pg_class t2 ON c.confrelid = t2.oid
JOIN pg_attribute a1 ON a1.attnum = c.conkey[1] AND a1.attrelid = t1.oid
JOIN pg_attribute a2 ON a2.attnum = c.confkey[1] AND a2.attrelid = t2.oid
JOIN pg_namespace t3 ON c.connamespace = t3.oid
WHERE c.contype = 'f'
  AND t1.relname = 'users'
  AND t3.nspname = ANY (current_schemas(false))
ORDER BY c.conname
[0m
  [1m[36mActiveRecord::SchemaMigration Load (0.4ms)[0m  [1mSELECT "schema_migrations".* FROM "schema_migrations"[0m
  [1m[35m (0.2ms)[0m  BEGIN
  [1m[36mSQL (0.6ms)[0m  [1mINSERT INTO "users" ("username", "password_digest", "first_name", "last_name", "created_at", "updated_at") VALUES ($1, $2, $3, $4, $5, $6) RETURNING "id"[0m  [["username", "spongebob"], ["password_digest", "$2a$10$K0AGN2DKpFLwSpW.QZbPv.NGFcfF8dqmU3z5gAj2p5xUADGE.VfI6"], ["first_name", "sponge"], ["last_name", "bob"], ["created_at", "2015-07-16 15:21:50.943326"], ["updated_at", "2015-07-16 15:21:50.943326"]]
  [1m[35m (0.4ms)[0m  COMMIT
  [1m[36m (0.2ms)[0m  [1mBEGIN[0m
  [1m[35mSQL (0.2ms)[0m  INSERT INTO "users" ("username", "password_digest", "first_name", "last_name", "created_at", "updated_at") VALUES ($1, $2, $3, $4, $5, $6) RETURNING "id"  [["username", "sauron"], ["password_digest", "$2a$10$qG2M9ALzImSZjn75qcbR2.IU3czClDXSZy0bgltShZbybpK/g8vSq"], ["first_name", "dark"], ["last_name", "lord"], ["created_at", "2015-07-16 15:21:51.022888"], ["updated_at", "2015-07-16 15:21:51.022888"]]
  [1m[36m (0.4ms)[0m  [1mCOMMIT[0m
  [1m[35m (0.1ms)[0m  BEGIN
  [1m[36mSQL (0.2ms)[0m  [1mINSERT INTO "users" ("username", "password_digest", "first_name", "last_name", "created_at", "updated_at") VALUES ($1, $2, $3, $4, $5, $6) RETURNING "id"[0m  [["username", "gandalf"], ["password_digest", "$2a$10$rX3.XI/Gr9OaqoCG7spdJe2hY//po.GDMU8fKf4vLpKm8x/PNOT82"], ["first_name", "gandalf"], ["last_name", "the white"], ["created_at", "2015-07-16 15:21:51.097155"], ["updated_at", "2015-07-16 15:21:51.097155"]]
  [1m[35m (0.5ms)[0m  COMMIT
  [1m[36m (0.1ms)[0m  [1mBEGIN[0m
  [1m[35mSQL (0.4ms)[0m  INSERT INTO "posts" ("title", "body", "user_id", "url", "created_at", "updated_at") VALUES ($1, $2, $3, $4, $5, $6) RETURNING "id"  [["title", "GCC 5.2 released"], ["body", "GCC 5 Release Series Changes, New Features, and Fixes"], ["user_id", 1], ["url", "https://gcc.gnu.org/gcc-5/changes.html?y"], ["created_at", "2015-07-16 15:21:51.114006"], ["updated_at", "2015-07-16 15:21:51.114006"]]
  [1m[36m (15.8ms)[0m  [1mCOMMIT[0m
  [1m[35m (0.2ms)[0m  BEGIN
  [1m[36mSQL (0.3ms)[0m  [1mINSERT INTO "posts" ("title", "body", "user_id", "url", "created_at", "updated_at") VALUES ($1, $2, $3, $4, $5, $6) RETURNING "id"[0m  [["title", "How I nearly almost saved the Internet, starring afl-fuzz and dnsmasq"], ["body", "If you know me, you know that I love DNS. I'm not exactly sure how that happened, but I suspect that Ed Skoudis is at least partly to blame. Anyway, a project came up to evaluate dnsmasq, and being a DNS server - and a key piece of Internet infrastructure - I thought it would be fun! And it was! By fuzzing in a somewhat creative way, I found a really cool vulnerability that's almost certainly exploitable (though I haven't proven that for reasons that'll become apparent later)."], ["user_id", 1], ["url", "https://blog.skullsecurity.org/2015/how-i-nearly-almost-saved-the-internet-starring-afl-fuzz-and-dnsmasq"], ["created_at", "2015-07-16 15:21:51.133550"], ["updated_at", "2015-07-16 15:21:51.133550"]]
  [1m[35m (0.5ms)[0m  COMMIT
  [1m[36m (0.1ms)[0m  [1mBEGIN[0m
  [1m[35mSQL (0.2ms)[0m  INSERT INTO "posts" ("title", "body", "user_id", "url", "created_at", "updated_at") VALUES ($1, $2, $3, $4, $5, $6) RETURNING "id"  [["title", "The Web’s Cruft Problem"], ["body", "I don’t have a term for Kyle, but I completely agree with the sentiment, and I anecdotally get this sentiment from the greater web community. Between modals, app-install prompts, mobile web fails, ads, mobile redirects, EU cookie prompts, and the like, web developers—the people who collectively create the web—increasingly hate actually using the web."], ["user_id", 1], ["url", "http://developer.telerik.com/featured/the-webs-cruft-problem"], ["created_at", "2015-07-16 15:21:51.137110"], ["updated_at", "2015-07-16 15:21:51.137110"]]
  [1m[36m (0.4ms)[0m  [1mCOMMIT[0m
  [1m[35m (0.1ms)[0m  BEGIN
  [1m[36mSQL (0.2ms)[0m  [1mINSERT INTO "posts" ("title", "body", "user_id", "url", "created_at", "updated_at") VALUES ($1, $2, $3, $4, $5, $6) RETURNING "id"[0m  [["title", "Estimate the cost of a Web, iOS or Android app"], ["body", "Select the items below which best describe your app and the features you require."], ["user_id", 3], ["url", "http://estimatemyapp.com/"], ["created_at", "2015-07-16 15:21:51.140232"], ["updated_at", "2015-07-16 15:21:51.140232"]]
  [1m[35m (0.5ms)[0m  COMMIT
  [1m[36m (0.1ms)[0m  [1mBEGIN[0m
  [1m[35mSQL (0.3ms)[0m  INSERT INTO "posts" ("title", "body", "user_id", "url", "created_at", "updated_at") VALUES ($1, $2, $3, $4, $5, $6) RETURNING "id"  [["title", "Donate to Chelsea Manning's Legal Defense"], ["body", "Chelsea Manning's extraordinary act of whistleblowing continues to enrich journalism, the public, and the historic record to this day. Chelsea is currently appealing her unjust conviction and 35-year jail sentence under the Espionage Act, but her legal team is deeply in debt. Please help raise money for her appeal by donating below."], ["user_id", 3], ["url", "https://freedom.press/chelsea"], ["created_at", "2015-07-16 15:21:51.143291"], ["updated_at", "2015-07-16 15:21:51.143291"]]
  [1m[36m (0.4ms)[0m  [1mCOMMIT[0m
  [1m[35m (0.1ms)[0m  BEGIN
  [1m[36mSQL (0.2ms)[0m  [1mINSERT INTO "posts" ("title", "body", "user_id", "url", "created_at", "updated_at") VALUES ($1, $2, $3, $4, $5, $6) RETURNING "id"[0m  [["title", "Killing Off Wasabi – Part 2 "], ["body", "Last time, I talked about our motivations for creating Wasabi, maintaining it for almost a decade, and finally killing it off. Today I would like to talk about the new piece of software that enabled the final phase, Roslyn. Roslyn is Microsoft’s open source compiler platform for .NET. Roslyn includes a full implementation of both the C# and the Visual Basic.NET compiler."], ["user_id", 3], ["url", "http://blog.fogcreek.com/killing-off-wasabi-part-2/"], ["created_at", "2015-07-16 15:21:51.146243"], ["updated_at", "2015-07-16 15:21:51.146243"]]
  [1m[35m (0.4ms)[0m  COMMIT
  [1m[36m (0.1ms)[0m  [1mBEGIN[0m
  [1m[35mSQL (0.2ms)[0m  INSERT INTO "posts" ("title", "body", "user_id", "url", "created_at", "updated_at") VALUES ($1, $2, $3, $4, $5, $6) RETURNING "id"  [["title", "InfluxDB (YC W13) is hiring a React/JS developer"], ["body", "At InfluxDB, we're building a platform for storing, visualizing, and processing time-based data. Our data visualization team needs one more talented JavaScript developer who wants to build beautiful visualization and analytics tools with cutting-edge technology. We use React, Flux, Jasmine, Webpack, and Go (for our 'middle-end'). This role will be based out of our SF office in SoMa, ideally. We have a passion for open source, and an appetite for making tools that other developers can't live without."], ["user_id", 2], ["url", "https://news.ycombinator.com/item?id=9897585"], ["created_at", "2015-07-16 15:21:51.148661"], ["updated_at", "2015-07-16 15:21:51.148661"]]
  [1m[36m (0.4ms)[0m  [1mCOMMIT[0m
  [1m[35m (0.1ms)[0m  BEGIN
  [1m[36mSQL (0.2ms)[0m  [1mINSERT INTO "posts" ("title", "body", "user_id", "url", "created_at", "updated_at") VALUES ($1, $2, $3, $4, $5, $6) RETURNING "id"[0m  [["title", "Google Hiring an SEO Program Manager"], ["body", "Google's projects, like our users, span the globe and require managers to keep the big picture in focus. As a Program Manager at Google, you lead complex, multi-disciplinary projects. You plan requirements with internal customers and usher projects through the entire project lifecycle. This includes managing project schedules, identifying risks and clearly communicating goals to project stakeholders. Your projects often span offices, time zones and hemispheres, and it's your job to keep all the players coordinated on the project's progress and deadlines."], ["user_id", 2], ["url", "https://www.google.com/about/careers/search#!t=jo&jid=120105001"], ["created_at", "2015-07-16 15:21:51.151015"], ["updated_at", "2015-07-16 15:21:51.151015"]]
  [1m[35m (0.4ms)[0m  COMMIT
  [1m[36m (0.1ms)[0m  [1mBEGIN[0m
  [1m[35mSQL (0.2ms)[0m  INSERT INTO "posts" ("title", "body", "user_id", "url", "created_at", "updated_at") VALUES ($1, $2, $3, $4, $5, $6) RETURNING "id"  [["title", "How to actually learn data science"], ["body", "It’s an exciting time for data science. The field is new, but growing quickly. There’s huge demand for data scientists – average compensation in SF is well north of 100 thousand dollars a year. Where there’s money, there are also people trying to earn it. The data science skills gap means that many people are learning or trying to learn data science."], ["user_id", 2], ["url", "https://www.dataquest.io/blog/how-to-actually-learn-data-science/"], ["created_at", "2015-07-16 15:21:51.153373"], ["updated_at", "2015-07-16 15:21:51.153373"]]
  [1m[36m (0.4ms)[0m  [1mCOMMIT[0m
  [1m[35m (0.2ms)[0m  BEGIN
  [1m[36mSQL (0.7ms)[0m  [1mINSERT INTO "comments" ("body", "user_id", "post_id", "created_at", "updated_at") VALUES ($1, $2, $3, $4, $5) RETURNING "id"[0m  [["body", "blue is greener than purple for sure"], ["user_id", 1], ["post_id", 1], ["created_at", "2015-07-16 15:21:51.163994"], ["updated_at", "2015-07-16 15:21:51.163994"]]
  [1m[35m (0.3ms)[0m  COMMIT
  [1m[36m (0.1ms)[0m  [1mBEGIN[0m
  [1m[35mSQL (0.2ms)[0m  INSERT INTO "comments" ("body", "user_id", "post_id", "created_at", "updated_at") VALUES ($1, $2, $3, $4, $5) RETURNING "id"  [["body", "I said this to my friend randomly and she was like what! So funny!"], ["user_id", 1], ["post_id", 4], ["created_at", "2015-07-16 15:21:51.168054"], ["updated_at", "2015-07-16 15:21:51.168054"]]
  [1m[36m (0.4ms)[0m  [1mCOMMIT[0m
  [1m[35m (0.1ms)[0m  BEGIN
  [1m[36mSQL (0.2ms)[0m  [1mINSERT INTO "comments" ("body", "user_id", "post_id", "created_at", "updated_at") VALUES ($1, $2, $3, $4, $5) RETURNING "id"[0m  [["body", "Laugh out loud totally awesome, whoever came up with that must be really clever. I'm seriously still loling I'm gonna use this"], ["user_id", 1], ["post_id", 7], ["created_at", "2015-07-16 15:21:51.170190"], ["updated_at", "2015-07-16 15:21:51.170190"]]
  [1m[35m (0.4ms)[0m  COMMIT
  [1m[36m (0.1ms)[0m  [1mBEGIN[0m
  [1m[35mSQL (0.2ms)[0m  INSERT INTO "comments" ("body", "user_id", "post_id", "created_at", "updated_at") VALUES ($1, $2, $3, $4, $5) RETURNING "id"  [["body", "HAHA! I can imagine my friend standing up in class and randomly calling out 'BANANA ERROR!'"], ["user_id", 2], ["post_id", 3], ["created_at", "2015-07-16 15:21:51.172221"], ["updated_at", "2015-07-16 15:21:51.172221"]]
  [1m[36m (0.4ms)[0m  [1mCOMMIT[0m
  [1m[35m (0.1ms)[0m  BEGIN
  [1m[36mSQL (0.2ms)[0m  [1mINSERT INTO "comments" ("body", "user_id", "post_id", "created_at", "updated_at") VALUES ($1, $2, $3, $4, $5) RETURNING "id"[0m  [["body", "A true gem. Good show!"], ["user_id", 2], ["post_id", 5], ["created_at", "2015-07-16 15:21:51.174222"], ["updated_at", "2015-07-16 15:21:51.174222"]]
  [1m[35m (0.4ms)[0m  COMMIT
  [1m[36m (0.1ms)[0m  [1mBEGIN[0m
  [1m[35mSQL (0.2ms)[0m  INSERT INTO "comments" ("body", "user_id", "post_id", "created_at", "updated_at") VALUES ($1, $2, $3, $4, $5) RETURNING "id"  [["body", "Thanks. I think I will never eat any grapes again..."], ["user_id", 2], ["post_id", 9], ["created_at", "2015-07-16 15:21:51.176254"], ["updated_at", "2015-07-16 15:21:51.176254"]]
  [1m[36m (0.4ms)[0m  [1mCOMMIT[0m
  [1m[35m (0.1ms)[0m  BEGIN
  [1m[36mSQL (0.2ms)[0m  [1mINSERT INTO "comments" ("body", "user_id", "post_id", "created_at", "updated_at") VALUES ($1, $2, $3, $4, $5) RETURNING "id"[0m  [["body", "Haha, you would be surprised at how many people fell for that!"], ["user_id", 3], ["post_id", 5], ["created_at", "2015-07-16 15:21:51.178266"], ["updated_at", "2015-07-16 15:21:51.178266"]]
  [1m[35m (0.4ms)[0m  COMMIT


Started GET "/" for ::1 at 2015-07-16 11:22:27 -0400
  [1m[36mActiveRecord::SchemaMigration Load (0.5ms)[0m  [1mSELECT "schema_migrations".* FROM "schema_migrations"[0m
Processing by Rails::WelcomeController#index as HTML
  Rendered /Users/apprentice/.rbenv/versions/2.0.0-p353/lib/ruby/gems/2.0.0/gems/railties-4.2.0/lib/rails/templates/rails/welcome/index.html.erb (1.9ms)
Completed 200 OK in 36ms (Views: 11.2ms | ActiveRecord: 0.0ms)
  [1m[36mUser Load (0.6ms)[0m  [1mSELECT "users".* FROM "users"[0m
  [1m[35mPost Load (0.7ms)[0m  SELECT "posts".* FROM "posts"
  [1m[36mComment Load (0.7ms)[0m  [1mSELECT "comments".* FROM "comments"[0m
  [1m[35mUser Load (0.8ms)[0m  SELECT  "users".* FROM "users"  ORDER BY "users"."id" ASC LIMIT 1
  [1m[36mPost Load (0.3ms)[0m  [1mSELECT "posts".* FROM "posts" WHERE "posts"."user_id" = $1[0m  [["user_id", 1]]
  [1m[35mUser Load (0.7ms)[0m  SELECT  "users".* FROM "users"  ORDER BY "users"."id" ASC LIMIT 1 OFFSET 1
  [1m[36mPost Load (0.4ms)[0m  [1mSELECT "posts".* FROM "posts" WHERE "posts"."user_id" = $1[0m  [["user_id", 2]]
  [1m[35mUser Load (0.8ms)[0m  SELECT  "users".* FROM "users"  ORDER BY "users"."id" DESC LIMIT 1
  [1m[36mPost Load (0.4ms)[0m  [1mSELECT "posts".* FROM "posts" WHERE "posts"."user_id" = $1[0m  [["user_id", 3]]
  [1m[35mUser Load (0.8ms)[0m  SELECT  "users".* FROM "users"  ORDER BY "users"."id" ASC LIMIT 1
  [1m[36mComment Load (0.2ms)[0m  [1mSELECT "comments".* FROM "comments" WHERE "comments"."user_id" = $1[0m  [["user_id", 1]]
  [1m[35mUser Load (0.9ms)[0m  SELECT  "users".* FROM "users"  ORDER BY "users"."id" ASC LIMIT 1 OFFSET 1
  [1m[36mComment Load (0.4ms)[0m  [1mSELECT "comments".* FROM "comments" WHERE "comments"."user_id" = $1[0m  [["user_id", 2]]
  [1m[35mUser Load (0.8ms)[0m  SELECT  "users".* FROM "users"  ORDER BY "users"."id" DESC LIMIT 1
  [1m[36mComment Load (0.4ms)[0m  [1mSELECT "comments".* FROM "comments" WHERE "comments"."user_id" = $1[0m  [["user_id", 3]]
  [1m[35mPost Load (0.8ms)[0m  SELECT  "posts".* FROM "posts"  ORDER BY "posts"."id" ASC LIMIT 1
  [1m[36mUser Load (0.3ms)[0m  [1mSELECT  "users".* FROM "users" WHERE "users"."id" = $1 LIMIT 1[0m  [["id", 1]]
  [1m[35mPost Load (0.8ms)[0m  SELECT  "posts".* FROM "posts"  ORDER BY "posts"."id" ASC LIMIT 1 OFFSET 2
  [1m[36mUser Load (0.4ms)[0m  [1mSELECT  "users".* FROM "users" WHERE "users"."id" = $1 LIMIT 1[0m  [["id", 1]]
  [1m[35mPost Load (0.8ms)[0m  SELECT  "posts".* FROM "posts"  ORDER BY "posts"."id" ASC LIMIT 1
  [1m[36mComment Load (0.2ms)[0m  [1mSELECT "comments".* FROM "comments" WHERE "comments"."post_id" = $1[0m  [["post_id", 1]]
  [1m[35mPost Load (0.2ms)[0m  SELECT  "posts".* FROM "posts" WHERE "posts"."id" = $1 LIMIT 1  [["id", 9]]
  [1m[36mComment Load (0.3ms)[0m  [1mSELECT "comments".* FROM "comments" WHERE "comments"."post_id" = $1[0m  [["post_id", 9]]
  [1m[35mComment Load (0.6ms)[0m  SELECT  "comments".* FROM "comments"  ORDER BY "comments"."id" ASC LIMIT 1
  [1m[36mPost Load (0.4ms)[0m  [1mSELECT  "posts".* FROM "posts" WHERE "posts"."id" = $1 LIMIT 1[0m  [["id", 1]]
  [1m[35mComment Load (0.8ms)[0m  SELECT  "comments".* FROM "comments"  ORDER BY "comments"."id" ASC LIMIT 1 OFFSET 1
  [1m[36mPost Load (0.5ms)[0m  [1mSELECT  "posts".* FROM "posts" WHERE "posts"."id" = $1 LIMIT 1[0m  [["id", 4]]
  [1m[35mComment Load (0.8ms)[0m  SELECT  "comments".* FROM "comments"  ORDER BY "comments"."id" ASC LIMIT 1
  [1m[36mUser Load (0.4ms)[0m  [1mSELECT  "users".* FROM "users" WHERE "users"."id" = $1 LIMIT 1[0m  [["id", 1]]
  [1m[35mComment Load (0.8ms)[0m  SELECT  "comments".* FROM "comments"  ORDER BY "comments"."id" DESC LIMIT 1
  [1m[36mUser Load (0.4ms)[0m  [1mSELECT  "users".* FROM "users" WHERE "users"."id" = $1 LIMIT 1[0m  [["id", 3]]
